2025-01-07 20:21:00 | WARN | repo=pv243-a4m36jee-2018-security-seminar | action=pull
2025-07-19 20:06:00 | INFO | repo=pv243-a4m36jee-2018-security-seminar | action=commit
2025-05-10 08:39:00 | INFO | repo=pv243-a4m36jee-2018-security-seminar | action=commit
2025-01-14 19:30:00 | INFO | repo=pv243-a4m36jee-2018-security-seminar | action=commit
2025-04-18 09:06:00 | DEBUG | repo=pv243-a4m36jee-2018-security-seminar | action=commit
2025-03-01 21:24:00 | DEBUG | repo=pv243-a4m36jee-2018-security-seminar | action=commit
2025-04-13 08:01:00 | INFO | repo=pv243-a4m36jee-2018-security-seminar | action=test | passed=true
2025-05-23 10:59:00 | DEBUG | repo=pv243-a4m36jee-2018-security-seminar | action=edit | files=4
2025-09-14 07:13:00 | WARN | repo=pv243-a4m36jee-2018-security-seminar | action=commit
2025-09-03 08:51:00 | INFO | repo=pv243-a4m36jee-2018-security-seminar | action=commit
2025-03-19 13:05:00 | INFO | repo=pv243-a4m36jee-2018-security-seminar | action=edit | files=2
2025-03-03 15:54:00 | WARN | repo=pv243-a4m36jee-2018-security-seminar | action=commit
2025-10-05 07:42:00 | WARN | repo=pv243-a4m36jee-2018-security-seminar | action=commit
2025-05-16 17:32:00 | INFO | repo=pv243-a4m36jee-2018-security-seminar | action=commit
2025-06-06 07:31:00 | WARN | repo=pv243-a4m36jee-2018-security-seminar | action=commit
2025-12-18 11:28:00 | INFO | repo=pv243-a4m36jee-2018-security-seminar | action=commit
2025-10-15 16:59:00 | DEBUG | repo=pv243-a4m36jee-2018-security-seminar | action=commit
2025-03-23 21:53:00 | DEBUG | repo=pv243-a4m36jee-2018-security-seminar | action=commit
2025-11-09 12:03:00 | DEBUG | repo=pv243-a4m36jee-2018-security-seminar | action=commit
2025-12-27 07:34:00 | INFO | repo=pv243-a4m36jee-2018-security-seminar | action=pull
2025-11-28 08:21:00 | WARN | repo=pv243-a4m36jee-2018-security-seminar | action=commit
2025-10-11 13:33:00 | DEBUG | repo=pv243-a4m36jee-2018-security-seminar | action=test | passed=true
2025-11-05 07:48:00 | DEBUG | repo=pv243-a4m36jee-2018-security-seminar | action=commit
